[debug] > Exec(early(addDefaultCommands), None, None)
[debug] > Exec(addDefaultCommands, None, None)
[debug] > Exec(early(initialize), None, None)
[debug] > Exec(initialize, None, None)
[debug] > Exec(boot, None, None)
[debug] > Exec(writeSbtVersion, None, None)
[debug] > Exec(reload, None, None)
[debug] > Exec(sbtStashOnFailure, None, None)
[debug] > Exec(onFailure loadFailed, None, None)
[debug] > Exec(loadp, None, None)
[info] welcome to sbt 1.5.4 (Azul Systems, Inc. Java 16.0.1)
[debug] Load.defaultLoad until apply took 374.274333ms
[debug]           Load.loadUnit: plugins took 39.243083ms
[debug]           Load.loadUnit: defsScala took 0.168208ms
[debug] [Loading] Scanning directory /Users/thegodfather/Documents/VSCODE/Scala/Playground/dir/project
[debug] [Loading] Found non-root projects 
[debug] [Loading] Done in /Users/thegodfather/Documents/VSCODE/Scala/Playground/dir/project, returning: ()
[debug] deducing auto plugins based on known facts Set(Atom(sbt.plugins.CorePlugin)) and clauses Clauses(Clause(Atom(sbt.plugins.JvmPlugin),Set(Atom(sbt.plugins.IvyPlugin)))
[debug] Clause(Atom(sbt.ScriptedPlugin),Set(Atom(sbt.plugins.JvmPlugin)))
[debug] Clause(Atom(sbt.plugins.SbtPlugin),Set(Atom(sbt.ScriptedPlugin)))
[debug] Clause(Atom(sbt.plugins.SemanticdbPlugin),Set(Atom(sbt.plugins.JvmPlugin)))
[debug] Clause(Atom(sbt.plugins.JUnitXmlReportPlugin),Set(Atom(sbt.plugins.JvmPlugin)))
[debug] Clause(Atom(sbt.plugins.MiniDependencyTreePlugin),Set(Atom(sbt.plugins.JvmPlugin)))
[debug] Clause(Atom(sbt.plugins.CorePlugin),Set(Atom(sbt.plugins.IvyPlugin)))
[debug] Clause(Atom(sbt.plugins.IvyPlugin),Set(Atom(sbt.plugins.JvmPlugin)))
[debug] Clause(Atom(sbt.plugins.JvmPlugin),Set(Atom(sbt.plugins.SemanticdbPlugin)))
[debug] Clause(Atom(sbt.plugins.JvmPlugin),Set(Atom(sbt.plugins.JUnitXmlReportPlugin)))
[debug] Clause(Atom(sbt.plugins.CorePlugin),Set(Atom(sbt.plugins.Giter8TemplatePlugin)))
[debug] Clause(Atom(sbt.plugins.JvmPlugin),Set(Atom(sbt.plugins.MiniDependencyTreePlugin))))
[debug]   :: deduced result: Matched(sbt.plugins.CorePlugin,sbt.plugins.Giter8TemplatePlugin,sbt.plugins.IvyPlugin,sbt.plugins.JvmPlugin,sbt.plugins.MiniDependencyTreePlugin,sbt.plugins.JUnitXmlReportPlugin,sbt.plugins.SemanticdbPlugin)
[debug] Plugins.deducer#function took 17.691958 ms
[debug]               Load.resolveProject(dir-build) took 32.348417ms
[debug]             Load.loadTransitive: finalizeProject(Project(id dir-build, base: /Users/thegodfather/Documents/VSCODE/Scala/Playground/dir/project, plugins: List(<none>))) took 60.933833ms
[debug] [Loading] Done in /Users/thegodfather/Documents/VSCODE/Scala/Playground/dir/project, returning: (dir-build)
[debug]           Load.loadUnit: loadedProjectsRaw took 69.91025ms
[debug]           Load.loadUnit: cleanEvalClasses took 0.110833ms
[debug]         Load.loadUnit(file:/Users/thegodfather/Documents/VSCODE/Scala/Playground/dir/project/, ...) took 112.276208ms
[debug]       Load.apply: load took 1048.923ms
[debug]       Load.apply: resolveProjects took 2.520459ms
[debug]       Load.apply: finalTransforms took 39.637625ms
[debug]       Load.apply: config.delegates took 7.278667ms
[debug]       Load.apply: Def.make(settings)... took 185.061708ms
[debug]       Load.apply: structureIndex took 51.161209ms
[debug]       Load.apply: mkStreams took 0.697458ms
[info] loading project definition from /Users/thegodfather/Documents/VSCODE/Scala/Playground/dir/project
[debug] Running task... Cancel: Signal, check cycles: false, forcegc: true
[debug]     Load.loadUnit: plugins took 1894.078625ms
[debug]     Load.loadUnit: defsScala took 0.003125ms
[debug] [Loading] Scanning directory /Users/thegodfather/Documents/VSCODE/Scala/Playground/dir
[debug] [Loading] Found non-root projects 
[debug] [Loading] Done in /Users/thegodfather/Documents/VSCODE/Scala/Playground/dir, returning: ()
[debug] deducing auto plugins based on known facts Set(Atom(sbt.plugins.CorePlugin)) and clauses Clauses(Clause(Atom(sbt.plugins.JvmPlugin),Set(Atom(sbt.plugins.IvyPlugin)))
[debug] Clause(Atom(sbt.ScriptedPlugin),Set(Atom(sbt.plugins.JvmPlugin)))
[debug] Clause(Atom(sbt.plugins.SbtPlugin),Set(Atom(sbt.ScriptedPlugin)))
[debug] Clause(Atom(sbt.plugins.SemanticdbPlugin),Set(Atom(sbt.plugins.JvmPlugin)))
[debug] Clause(Atom(sbt.plugins.JUnitXmlReportPlugin),Set(Atom(sbt.plugins.JvmPlugin)))
[debug] Clause(Atom(sbt.plugins.MiniDependencyTreePlugin),Set(Atom(sbt.plugins.JvmPlugin)))
[debug] Clause(Atom(sbt.plugins.CorePlugin),Set(Atom(sbt.plugins.IvyPlugin)))
[debug] Clause(Atom(sbt.plugins.IvyPlugin),Set(Atom(sbt.plugins.JvmPlugin)))
[debug] Clause(Atom(sbt.plugins.JvmPlugin),Set(Atom(sbt.plugins.SemanticdbPlugin)))
[debug] Clause(Atom(sbt.plugins.JvmPlugin),Set(Atom(sbt.plugins.JUnitXmlReportPlugin)))
[debug] Clause(Atom(sbt.plugins.CorePlugin),Set(Atom(sbt.plugins.Giter8TemplatePlugin)))
[debug] Clause(Atom(sbt.plugins.JvmPlugin),Set(Atom(sbt.plugins.MiniDependencyTreePlugin))))
[debug]   :: deduced result: Matched(sbt.plugins.CorePlugin,sbt.plugins.Giter8TemplatePlugin,sbt.plugins.IvyPlugin,sbt.plugins.JvmPlugin,sbt.plugins.MiniDependencyTreePlugin,sbt.plugins.JUnitXmlReportPlugin,sbt.plugins.SemanticdbPlugin)
[debug] Plugins.deducer#function took 0.868209 ms
[debug]         Load.resolveProject(dir) took 1.206583ms
[debug]       Load.loadTransitive: finalizeProject(Project(id dir, base: /Users/thegodfather/Documents/VSCODE/Scala/Playground/dir, plugins: List(<none>))) took 2.497875ms
[debug] [Loading] Done in /Users/thegodfather/Documents/VSCODE/Scala/Playground/dir, returning: (dir)
[debug]     Load.loadUnit: loadedProjectsRaw took 3.963625ms
[debug]     Load.loadUnit: cleanEvalClasses took 0.013875ms
[debug]   Load.loadUnit(file:/Users/thegodfather/Documents/VSCODE/Scala/Playground/dir/, ...) took 1899.733958ms
[debug] Load.apply: load took 1919.28075ms
[debug] Load.apply: resolveProjects took 0.060125ms
[debug] Load.apply: finalTransforms took 4.786625ms
[debug] Load.apply: config.delegates took 0.237125ms
[debug] Load.apply: Def.make(settings)... took 64.788625ms
[debug] Load.apply: structureIndex took 12.375375ms
[debug] Load.apply: mkStreams took 0.0015ms
[info] set current project to dir (in build file:/Users/thegodfather/Documents/VSCODE/Scala/Playground/dir/)
[debug] > Exec(sbtPopOnFailure, None, None)
[debug] > Exec(resumeFromFailure, None, None)
[debug] > Exec(notifyUsersAboutShell, None, None)
[debug] > Exec(iflast shell, None, None)
[debug] > Exec(shell, None, None)
[info] sbt server started at local:///Users/thegodfather/.sbt/1.0/server/1694b8be4e1c520e9b10/sock
[debug] Writing bsp connection file
[info] started sbt server
